<?xml version="1.0" encoding="UTF-8"?>
<testsuite xmlns:xsi="http://www.w3.org/2001/XMLSchema-instance" xsi:noNamespaceSchemaLocation="https://maven.apache.org/surefire/maven-surefire-plugin/xsd/surefire-test-report-3.0.xsd" version="3.0" name="com.user.security.SecurityApplicationTests" time="3.729" tests="1" errors="0" skipped="0" failures="0">
  <properties>
[...]
</properties>
  <testcase name="contextLoads" classname="com.user.security.SecurityApplicationTests" time="0.474">
    <system-out><![CDATA[21:49:32.840 [main] INFO org.springframework.test.context.support.AnnotationConfigContextLoaderUtils -- Could not detect default configuration classes for test class [com.user.security.SecurityApplicationTests]: SecurityApplicationTests does not declare any static, non-private, non-final, nested classes annotated with @Configuration.
21:49:32.908 [main] INFO org.springframework.boot.test.context.SpringBootTestContextBootstrapper -- Found @SpringBootConfiguration com.user.security.SecurityApplication for test class com.user.security.SecurityApplicationTests

  .   ____          _            __ _ _
 /\\ / ___'_ __ _ _(_)_ __  __ _ \ \ \ \
( ( )\___ | '_ | '_| | '_ \/ _` | \ \ \ \
 \\/  ___)| |_)| | | | | || (_| |  ) ) ) )
  '  |____| .__|_| |_|_| |_\__, | / / / /
 =========|_|==============|___/=/_/_/_/
 :: Spring Boot ::                (v3.1.5)

2023-11-05T21:49:33.202+05:30  INFO 6680 --- [           main] c.u.security.SecurityApplicationTests    : Starting SecurityApplicationTests using Java 21.0.1 with PID 6680 (started by udanakodikara in /Users/udanakodikara/Documents/UOM/Level 3/L3S1/IN3100 - Enterprise Application Development/Group Assignment/Spring_User-Authentication/User)
2023-11-05T21:49:33.204+05:30  INFO 6680 --- [           main] c.u.security.SecurityApplicationTests    : No active profile set, falling back to 1 default profile: "default"
2023-11-05T21:49:33.887+05:30  INFO 6680 --- [           main] .s.d.r.c.RepositoryConfigurationDelegate : Bootstrapping Spring Data JPA repositories in DEFAULT mode.
2023-11-05T21:49:33.928+05:30  INFO 6680 --- [           main] .s.d.r.c.RepositoryConfigurationDelegate : Finished Spring Data repository scanning in 35 ms. Found 1 JPA repository interfaces.
2023-11-05T21:49:34.299+05:30  INFO 6680 --- [           main] o.hibernate.jpa.internal.util.LogHelper  : HHH000204: Processing PersistenceUnitInfo [name: default]
2023-11-05T21:49:34.340+05:30  INFO 6680 --- [           main] org.hibernate.Version                    : HHH000412: Hibernate ORM core version 6.2.13.Final
2023-11-05T21:49:34.342+05:30  INFO 6680 --- [           main] org.hibernate.cfg.Environment            : HHH000406: Using bytecode reflection optimizer
2023-11-05T21:49:34.519+05:30  INFO 6680 --- [           main] o.s.o.j.p.SpringPersistenceUnitInfo      : No LoadTimeWeaver setup: ignoring JPA class transformer
2023-11-05T21:49:34.537+05:30  INFO 6680 --- [           main] com.zaxxer.hikari.HikariDataSource       : HikariPool-1 - Starting...
2023-11-05T21:49:34.648+05:30  INFO 6680 --- [           main] com.zaxxer.hikari.pool.HikariPool        : HikariPool-1 - Added connection org.postgresql.jdbc.PgConnection@751d7425
2023-11-05T21:49:34.650+05:30  INFO 6680 --- [           main] com.zaxxer.hikari.HikariDataSource       : HikariPool-1 - Start completed.
2023-11-05T21:49:34.680+05:30  WARN 6680 --- [           main] org.hibernate.orm.deprecation            : HHH90000025: PostgreSQLDialect does not need to be specified explicitly using 'hibernate.dialect' (remove the property setting and it will be selected by default)
2023-11-05T21:49:35.263+05:30  INFO 6680 --- [           main] o.h.e.t.j.p.i.JtaPlatformInitiator       : HHH000489: No JTA platform available (set 'hibernate.transaction.jta.platform' to enable JTA platform integration)
2023-11-05T21:49:35.295+05:30  INFO 6680 --- [           main] j.LocalContainerEntityManagerFactoryBean : Initialized JPA EntityManagerFactory for persistence unit 'default'
2023-11-05T21:49:35.586+05:30  WARN 6680 --- [           main] JpaBaseConfiguration$JpaWebConfiguration : spring.jpa.open-in-view is enabled by default. Therefore, database queries may be performed during view rendering. Explicitly configure spring.jpa.open-in-view to disable this warning
2023-11-05T21:49:35.651+05:30  INFO 6680 --- [           main] o.s.s.web.DefaultSecurityFilterChain     : Will secure any request with [org.springframework.security.web.session.DisableEncodeUrlFilter@5186b78a, org.springframework.security.web.context.request.async.WebAsyncManagerIntegrationFilter@3f6a9ba0, org.springframework.security.web.context.SecurityContextHolderFilter@296a71df, org.springframework.security.web.header.HeaderWriterFilter@27d0376f, org.springframework.security.web.authentication.logout.LogoutFilter@2ad6895a, com.user.security.config.JwtAuthenticationFilter@161c9468, org.springframework.security.web.savedrequest.RequestCacheAwareFilter@52849956, org.springframework.security.web.servletapi.SecurityContextHolderAwareRequestFilter@69dc7b24, org.springframework.security.web.authentication.AnonymousAuthenticationFilter@1e749235, org.springframework.security.web.session.SessionManagementFilter@69d1ad64, org.springframework.security.web.access.ExceptionTranslationFilter@712e4b18, org.springframework.security.web.access.intercept.AuthorizationFilter@542754be]
2023-11-05T21:49:35.953+05:30  INFO 6680 --- [           main] c.u.security.SecurityApplicationTests    : Started SecurityApplicationTests in 2.948 seconds (process running for 3.718)
]]></system-out>
    <system-err><![CDATA[WARNING: A Java agent has been loaded dynamically (/Users/udanakodikara/.m2/repository/net/bytebuddy/byte-buddy-agent/1.14.9/byte-buddy-agent-1.14.9.jar)
WARNING: If a serviceability tool is in use, please run with -XX:+EnableDynamicAgentLoading to hide this warning
WARNING: If a serviceability tool is not in use, please run with -Djdk.instrument.traceUsage for more information
WARNING: Dynamic loading of agents will be disallowed by default in a future release
]]></system-err>
  </testcase>
</testsuite>